#
# There is insufficient memory for the Java Runtime Environment to continue.
# Native memory allocation (malloc) failed to allocate 1048576 bytes for AllocateHeap
# Possible reasons:
#   The system is out of physical RAM or swap space
#   In 32 bit mode, the process size limit was hit
# Possible solutions:
#   Reduce memory load on the system
#   Increase physical memory or swap space
#   Check if swap backing store is full
#   Use 64 bit Java on a 64 bit OS
#   Decrease Java heap size (-Xmx/-Xms)
#   Decrease number of Java threads
#   Decrease Java thread stack sizes (-Xss)
#   Set larger code cache with -XX:ReservedCodeCacheSize=
# This output file may be truncated or incomplete.
#
#  Out of Memory Error (memory/allocation.inline.hpp:61), pid=12052, tid=14528
#
# JRE version:  (8.0_73-b02) (build )
# Java VM: Java HotSpot(TM) 64-Bit Server VM (25.73-b02 mixed mode windows-amd64 compressed oops)
# Failed to write core dump. Minidumps are not enabled by default on client versions of Windows
#

---------------  T H R E A D  ---------------

Current thread (0x000000000444e000):  JavaThread "Unknown thread" [_thread_in_vm, id=14528, stack(0x0000000004340000,0x0000000004440000)]

Stack: [0x0000000004340000,0x0000000004440000]
[error occurred during error reporting (printing stack bounds), id 0xc0000005]

Native frames: (J=compiled Java code, j=interpreted, Vv=VM code, C=native code)


---------------  P R O C E S S  ---------------

Java Threads: ( => current thread )

Other Threads:

=>0x000000000444e000 (exited) JavaThread "Unknown thread" [_thread_in_vm, id=14528, stack(0x0000000004340000,0x0000000004440000)]

VM state:not at safepoint (normal execution)

VM Mutex/Monitor currently owned by a thread: None

Heap:
 PSYoungGen      total 57344K, used 983K [0x0000000780980000, 0x0000000784980000, 0x00000007c0000000)
  eden space 49152K, 2% used [0x0000000780980000,0x0000000780a75c38,0x0000000783980000)
  from space 8192K, 0% used [0x0000000784180000,0x0000000784180000,0x0000000784980000)
  to   space 8192K, 0% used [0x0000000783980000,0x0000000783980000,0x0000000784180000)
 ParOldGen       total 131072K, used 0K [0x0000000701c00000, 0x0000000709c00000, 0x0000000780980000)
  object space 131072K, 0% used [0x0000000701c00000,0x0000000701c00000,0x0000000709c00000)
 Metaspace       used 746K, capacity 4480K, committed 4480K, reserved 1056768K
  class space    used 75K, capacity 384K, committed 384K, reserved 1048576K

Card table byte_map: [0x0000000013950000,0x0000000013f50000] byte_map_base: 0x0000000010142000

Marking Bits: (ParMarkBitMap*) 0x00000000545e0600
 Begin Bits: [0x0000000014b50000, 0x0000000017ae0000)
 End Bits:   [0x0000000017ae0000, 0x000000001aa70000)

Polling page: 0x0000000004450000

CodeCache: size=245760Kb used=328Kb max_used=328Kb free=245431Kb
 bounds [0x0000000004590000, 0x0000000004800000, 0x0000000013590000]
 total_blobs=57 nmethods=0 adapters=37
 compilation: enabled

Compilation events (0 events):
No events

GC Heap History (0 events):
No events

Deoptimization events (0 events):
No events

Internal exceptions (0 events):
No events

Events (10 events):
Event: 0.178 loading class java/lang/Short
Event: 0.178 loading class java/lang/Short done
Event: 0.178 loading class java/lang/Integer
Event: 0.179 loading class java/lang/Integer done
Event: 0.179 loading class java/lang/Long
Event: 0.179 loading class java/lang/Long done
Event: 0.181 loading class java/lang/NullPointerException
Event: 0.181 loading class java/lang/NullPointerException done
Event: 0.181 loading class java/lang/ArithmeticException
Event: 0.182 loading class java/lang/ArithmeticException done


Dynamic libraries:
0x00007ff6b02f0000 - 0x00007ff6b0327000 	C:\Program Files\Java\jre1.8.0_73\bin\javaw.exe
0x00007ffa8cf10000 - 0x00007ffa8d0f0000 	C:\WINDOWS\SYSTEM32\ntdll.dll
0x00007ffa8a5d0000 - 0x00007ffa8a67e000 	C:\WINDOWS\System32\KERNEL32.DLL
0x00007ffa89730000 - 0x00007ffa89996000 	C:\WINDOWS\System32\KERNELBASE.dll
0x00007ffa8aa30000 - 0x00007ffa8aad1000 	C:\WINDOWS\System32\ADVAPI32.dll
0x00007ffa8a830000 - 0x00007ffa8a8cd000 	C:\WINDOWS\System32\msvcrt.dll
0x00007ffa8bf90000 - 0x00007ffa8bfeb000 	C:\WINDOWS\System32\sechost.dll
0x00007ffa8a4b0000 - 0x00007ffa8a5cf000 	C:\WINDOWS\System32\RPCRT4.dll
0x00007ffa8a680000 - 0x00007ffa8a80f000 	C:\WINDOWS\System32\USER32.dll
0x00007ffa899a0000 - 0x00007ffa899c0000 	C:\WINDOWS\System32\win32u.dll
0x00007ffa8c4e0000 - 0x00007ffa8c508000 	C:\WINDOWS\System32\GDI32.dll
0x00007ffa89540000 - 0x00007ffa896d3000 	C:\WINDOWS\System32\gdi32full.dll
0x00007ffa89af0000 - 0x00007ffa89b8b000 	C:\WINDOWS\System32\msvcp_win.dll
0x00007ffa89b90000 - 0x00007ffa89c86000 	C:\WINDOWS\System32\ucrtbase.dll
0x00007ffa81a40000 - 0x00007ffa81ca9000 	C:\WINDOWS\WinSxS\amd64_microsoft.windows.common-controls_6595b64144ccf1df_6.0.16299.431_none_15c7d3ee93659e73\COMCTL32.dll
0x00007ffa8c660000 - 0x00007ffa8c968000 	C:\WINDOWS\System32\combase.dll
0x00007ffa899c0000 - 0x00007ffa89a32000 	C:\WINDOWS\System32\bcryptPrimitives.dll
0x00007ffa8c520000 - 0x00007ffa8c54d000 	C:\WINDOWS\System32\IMM32.DLL
0x00000000553f0000 - 0x00000000554c2000 	C:\Program Files\Java\jre1.8.0_73\bin\msvcr100.dll
0x0000000053dd0000 - 0x0000000054660000 	C:\Program Files\Java\jre1.8.0_73\bin\server\jvm.dll
0x00007ffa8c510000 - 0x00007ffa8c518000 	C:\WINDOWS\System32\PSAPI.DLL
0x00007ffa775c0000 - 0x00007ffa775c9000 	C:\WINDOWS\SYSTEM32\WSOCK32.dll
0x00007ffa8aae0000 - 0x00007ffa8ab4c000 	C:\WINDOWS\System32\WS2_32.dll
0x00007ffa83580000 - 0x00007ffa8358a000 	C:\WINDOWS\SYSTEM32\VERSION.dll
0x00007ffa875c0000 - 0x00007ffa875e3000 	C:\WINDOWS\SYSTEM32\WINMM.dll
0x00007ffa874b0000 - 0x00007ffa874da000 	C:\WINDOWS\SYSTEM32\WINMMBASE.dll
0x00007ffa896e0000 - 0x00007ffa8972a000 	C:\WINDOWS\System32\cfgmgr32.dll
0x00000000555a0000 - 0x00000000555af000 	C:\Program Files\Java\jre1.8.0_73\bin\verify.dll
0x0000000055570000 - 0x0000000055599000 	C:\Program Files\Java\jre1.8.0_73\bin\java.dll
0x0000000055550000 - 0x0000000055566000 	C:\Program Files\Java\jre1.8.0_73\bin\zip.dll

VM Arguments:
jvm_args: -Dfile.encoding=Cp1252 
java_command: main.RecommenderApplication
java_class_path (initial): C:\Program Files\Java\jre1.8.0_73\lib\resources.jar;C:\Program Files\Java\jre1.8.0_73\lib\rt.jar;C:\Program Files\Java\jre1.8.0_73\lib\jsse.jar;C:\Program Files\Java\jre1.8.0_73\lib\jce.jar;C:\Program Files\Java\jre1.8.0_73\lib\charsets.jar;C:\Program Files\Java\jre1.8.0_73\lib\jfr.jar;C:\Program Files\Java\jre1.8.0_73\lib\ext\access-bridge-64.jar;C:\Program Files\Java\jre1.8.0_73\lib\ext\cldrdata.jar;C:\Program Files\Java\jre1.8.0_73\lib\ext\dnsns.jar;C:\Program Files\Java\jre1.8.0_73\lib\ext\dns_sd.jar;C:\Program Files\Java\jre1.8.0_73\lib\ext\jaccess.jar;C:\Program Files\Java\jre1.8.0_73\lib\ext\jfxrt.jar;C:\Program Files\Java\jre1.8.0_73\lib\ext\localedata.jar;C:\Program Files\Java\jre1.8.0_73\lib\ext\nashorn.jar;C:\Program Files\Java\jre1.8.0_73\lib\ext\sunec.jar;C:\Program Files\Java\jre1.8.0_73\lib\ext\sunjce_provider.jar;C:\Program Files\Java\jre1.8.0_73\lib\ext\sunmscapi.jar;C:\Program Files\Java\jre1.8.0_73\lib\ext\sunpkcs11.jar;C:\Program Files\Java\jre1.8.0_73\lib\ext\zipfs.jar;C:\Users\Mazem\java317\Recommendation\Recommendation7\testbin;C:\Users\Mazem\java317\Recommendation\Recommendation7\bin
Launcher Type: SUN_STANDARD

Environment Variables:
PATH=C:/Program Files/Java/jre1.8.0_73/bin/server;C:/Program Files/Java/jre1.8.0_73/bin;C:/Program Files/Java/jre1.8.0_73/lib/amd64;C:\oraclexe\app\oracle\product\11.2.0\server\bin;C:\ProgramData\Oracle\Java\javapath;C:\Program Files (x86)\Intel\iCLS Client\;C:\Program Files\Intel\iCLS Client\;C:\Program Files (x86)\NVIDIA Corporation\PhysX\Common;C:\WINDOWS\system32;C:\WINDOWS;C:\WINDOWS\System32\Wbem;C:\WINDOWS\System32\WindowsPowerShell\v1.0\;C:\Program Files (x86)\Windows Live\Shared;C:\Program Files\Intel\Intel(R) Management Engine Components\DAL;C:\Program Files\Intel\Intel(R) Management Engine Components\IPT;C:\Program Files (x86)\Intel\Intel(R) Management Engine Components\DAL;C:\Program Files (x86)\Intel\Intel(R) Management Engine Components\IPT;c:\Program Files\Microsoft SQL Server\110\Tools\Binn\;c:\Program Files (x86)\Microsoft SQL Server\110\Tools\Binn\;c:\Program Files\Microsoft SQL Server\110\DTS\Binn\;c:\Program Files (x86)\Microsoft SQL Server\110\Tools\Binn\ManagementStudio\;c:\Program Files (x86)\Microsoft Visual Studio 10.0\Common7\IDE\PrivateAssemblies\;c:\Program Files (x86)\Microsoft SQL Server\110\DTS\Binn\;C:\Program Files (x86)\QuickTime\QTSystem\;C:\Program Files (x86)\Skype\Phone\;C:\Program Files\Git\cmd;C:\Program Files (x86)\GtkSharp\2.12\bin;C:\Program Files\dotnet\;C:\Program Files\Java\jdk1.8.0_73\bin;;%USERPROFILE%\AppData\Local\Microsoft\WindowsApps;C:\WINDOWS\system32;
USERNAME=Mazem
OS=Windows_NT
PROCESSOR_IDENTIFIER=Intel64 Family 6 Model 60 Stepping 3, GenuineIntel



---------------  S Y S T E M  ---------------

OS: Windows 10.0 , 64 bit Build 16299 (10.0.16299.431)

CPU:total 8 (4 cores per cpu, 2 threads per core) family 6 model 60 stepping 3, cmov, cx8, fxsr, mmx, sse, sse2, sse3, ssse3, sse4.1, sse4.2, popcnt, avx, avx2, aes, clmul, erms, lzcnt, ht, tsc, tscinvbit, bmi1, bmi2

Memory: 4k page, physical 12463212k(6278244k free), swap 15849588k(5468k free)

vm_info: Java HotSpot(TM) 64-Bit Server VM (25.73-b02) for windows-amd64 JRE (1.8.0_73-b02), built on Jan 29 2016 17:38:49 by "java_re" with MS VC++ 10.0 (VS2010)

time: Thu Nov 15 16:11:49 2018
elapsed time: 0 seconds (0d 0h 0m 0s)

